<?xml version="1.0" encoding="UTF-8"?>
<!-- Generated by org.testng.reporters.JUnitReportReporter -->
<testsuite hostname="del1-lhp-n80403" failures="0" tests="3" name="com.demo.runner.testNg_Runner" time="33.707" errors="0" timestamp="2023-06-27T17:46:05 IST" skipped="0">
  <testcase classname="com.demo.runner.testNg_Runner" name="runScenario" time="11.345"/>
  <system-out/>
  <testcase classname="com.demo.runner.testNg_Runner" name="runScenario" time="11.079"/>
  <system-out/>
  <testcase classname="com.demo.runner.testNg_Runner" name="runScenario" time="11.283"/>
  <system-out/>
</testsuite> <!-- com.demo.runner.testNg_Runner -->
